<?xml version="1.0" encoding="UTF-8"?>
<!-- Generated by org.testng.reporters.JUnitReportReporter -->
<testsuite skipped="0" hostname="LAPTOP-P9UGU7PC" name="Heloo.NewTest" tests="1" failures="0" timestamp="2023-04-15T10:11:55 IST" time="0.012" errors="0">
  <testcase name="f" time="0.012" classname="Heloo.NewTest"/>
  <system-out/>
</testsuite> <!-- Heloo.NewTest -->
